\BOOKMARK [0][-]{chapter.1}{\376\377\000I\000n\000t\000r\000o\000d\000u\000c\000t\000i\000o\000n}{}% 1
\BOOKMARK [1][-]{section.1.1}{\376\377\000E\000x\000e\000c\000u\000t\000i\000v\000e\000\040\000S\000u\000m\000m\000a\000r\000y}{chapter.1}% 2
\BOOKMARK [1][-]{section.1.2}{\376\377\000P\000r\000o\000b\000l\000e\000m\000\040\000S\000t\000a\000t\000e\000m\000e\000n\000t\000\040\000a\000n\000d\000\040\000M\000o\000t\000i\000v\000a\000t\000i\000o\000n}{chapter.1}% 3
\BOOKMARK [2][-]{subsection.1.2.1}{\376\377\000I\000n\000d\000u\000s\000t\000r\000y\000\040\000C\000h\000a\000l\000l\000e\000n\000g\000e\000s}{section.1.2}% 4
\BOOKMARK [2][-]{subsection.1.2.2}{\376\377\000T\000h\000e\000\040\000C\000l\000o\000u\000d\000F\000o\000r\000g\000e\000\040\000A\000I\000\040\000S\000o\000l\000u\000t\000i\000o\000n\000\040\000V\000i\000s\000i\000o\000n}{section.1.2}% 5
\BOOKMARK [1][-]{section.1.3}{\376\377\000P\000r\000o\000j\000e\000c\000t\000\040\000O\000b\000j\000e\000c\000t\000i\000v\000e\000s\000\040\000a\000n\000d\000\040\000S\000u\000c\000c\000e\000s\000s\000\040\000C\000r\000i\000t\000e\000r\000i\000a}{chapter.1}% 6
\BOOKMARK [2][-]{subsection.1.3.1}{\376\377\000P\000r\000i\000m\000a\000r\000y\000\040\000O\000b\000j\000e\000c\000t\000i\000v\000e\000s}{section.1.3}% 7
\BOOKMARK [2][-]{subsection.1.3.2}{\376\377\000S\000u\000c\000c\000e\000s\000s\000\040\000M\000e\000t\000r\000i\000c\000s}{section.1.3}% 8
\BOOKMARK [1][-]{section.1.4}{\376\377\000I\000n\000n\000o\000v\000a\000t\000i\000o\000n\000\040\000a\000n\000d\000\040\000T\000e\000c\000h\000n\000o\000l\000o\000g\000i\000c\000a\000l\000\040\000C\000o\000n\000t\000r\000i\000b\000u\000t\000i\000o\000n}{chapter.1}% 9
\BOOKMARK [2][-]{subsection.1.4.1}{\376\377\000M\000u\000l\000t\000i\000-\000M\000o\000d\000e\000l\000\040\000A\000I\000\040\000A\000r\000c\000h\000i\000t\000e\000c\000t\000u\000r\000e}{section.1.4}% 10
\BOOKMARK [2][-]{subsection.1.4.2}{\376\377\000A\000d\000a\000p\000t\000i\000v\000e\000\040\000L\000e\000a\000r\000n\000i\000n\000g\000\040\000F\000r\000a\000m\000e\000w\000o\000r\000k}{section.1.4}% 11
\BOOKMARK [2][-]{subsection.1.4.3}{\376\377\000N\000a\000t\000u\000r\000a\000l\000\040\000L\000a\000n\000g\000u\000a\000g\000e\000\040\000I\000n\000f\000r\000a\000s\000t\000r\000u\000c\000t\000u\000r\000e\000\040\000M\000a\000n\000a\000g\000e\000m\000e\000n\000t}{section.1.4}% 12
\BOOKMARK [1][-]{section.1.5}{\376\377\000D\000o\000c\000u\000m\000e\000n\000t\000\040\000S\000t\000r\000u\000c\000t\000u\000r\000e\000\040\000a\000n\000d\000\040\000N\000a\000v\000i\000g\000a\000t\000i\000o\000n}{chapter.1}% 13
\BOOKMARK [0][-]{chapter.2}{\376\377\000P\000r\000o\000j\000e\000c\000t\000\040\000O\000v\000e\000r\000v\000i\000e\000w}{}% 14
\BOOKMARK [1][-]{section.2.1}{\376\377\000C\000l\000o\000u\000d\000F\000o\000r\000g\000e\000\040\000A\000I\000\040\000P\000l\000a\000t\000f\000o\000r\000m\000\040\000A\000r\000c\000h\000i\000t\000e\000c\000t\000u\000r\000e}{chapter.2}% 15
\BOOKMARK [2][-]{subsection.2.1.1}{\376\377\000C\000o\000r\000e\000\040\000C\000o\000m\000p\000o\000n\000e\000n\000t\000s\000\040\000O\000v\000e\000r\000v\000i\000e\000w}{section.2.1}% 16
\BOOKMARK [1][-]{section.2.2}{\376\377\000T\000e\000c\000h\000n\000o\000l\000o\000g\000y\000\040\000S\000t\000a\000c\000k\000\040\000a\000n\000d\000\040\000J\000u\000s\000t\000i\000f\000i\000c\000a\000t\000i\000o\000n}{chapter.2}% 17
\BOOKMARK [2][-]{subsection.2.2.1}{\376\377\000F\000r\000o\000n\000t\000e\000n\000d\000\040\000T\000e\000c\000h\000n\000o\000l\000o\000g\000y\000\040\000S\000t\000a\000c\000k}{section.2.2}% 18
\BOOKMARK [2][-]{subsection.2.2.2}{\376\377\000B\000a\000c\000k\000e\000n\000d\000\040\000T\000e\000c\000h\000n\000o\000l\000o\000g\000y\000\040\000S\000t\000a\000c\000k}{section.2.2}% 19
\BOOKMARK [2][-]{subsection.2.2.3}{\376\377\000A\000I\000\040\000S\000e\000r\000v\000i\000c\000e\000s\000\040\000T\000e\000c\000h\000n\000o\000l\000o\000g\000y\000\040\000S\000t\000a\000c\000k}{section.2.2}% 20
\BOOKMARK [1][-]{section.2.3}{\376\377\000D\000e\000v\000e\000l\000o\000p\000m\000e\000n\000t\000\040\000M\000e\000t\000h\000o\000d\000o\000l\000o\000g\000y}{chapter.2}% 21
\BOOKMARK [2][-]{subsection.2.3.1}{\376\377\000A\000g\000i\000l\000e\000-\000A\000I\000\040\000H\000y\000b\000r\000i\000d\000\040\000M\000e\000t\000h\000o\000d\000o\000l\000o\000g\000y}{section.2.3}% 22
\BOOKMARK [2][-]{subsection.2.3.2}{\376\377\000S\000p\000r\000i\000n\000t\000\040\000S\000t\000r\000u\000c\000t\000u\000r\000e\000\040\000a\000n\000d\000\040\000P\000l\000a\000n\000n\000i\000n\000g}{section.2.3}% 23
\BOOKMARK [1][-]{section.2.4}{\376\377\000T\000e\000a\000m\000\040\000S\000t\000r\000u\000c\000t\000u\000r\000e\000\040\000a\000n\000d\000\040\000R\000o\000l\000e\000s}{chapter.2}% 24
\BOOKMARK [2][-]{subsection.2.4.1}{\376\377\000C\000o\000r\000e\000\040\000D\000e\000v\000e\000l\000o\000p\000m\000e\000n\000t\000\040\000T\000e\000a\000m}{section.2.4}% 25
\BOOKMARK [2][-]{subsection.2.4.2}{\376\377\000S\000p\000e\000c\000i\000a\000l\000i\000z\000e\000d\000\040\000R\000o\000l\000e\000s}{section.2.4}% 26
\BOOKMARK [1][-]{section.2.5}{\376\377\000Q\000u\000a\000l\000i\000t\000y\000\040\000A\000s\000s\000u\000r\000a\000n\000c\000e\000\040\000a\000n\000d\000\040\000T\000e\000s\000t\000i\000n\000g\000\040\000S\000t\000r\000a\000t\000e\000g\000y}{chapter.2}% 27
\BOOKMARK [2][-]{subsection.2.5.1}{\376\377\000T\000e\000s\000t\000i\000n\000g\000\040\000P\000y\000r\000a\000m\000i\000d\000\040\000S\000t\000r\000u\000c\000t\000u\000r\000e}{section.2.5}% 28
\BOOKMARK [2][-]{subsection.2.5.2}{\376\377\000A\000I\000-\000S\000p\000e\000c\000i\000f\000i\000c\000\040\000T\000e\000s\000t\000i\000n\000g\000\040\000A\000p\000p\000r\000o\000a\000c\000h\000e\000s}{section.2.5}% 29
\BOOKMARK [1][-]{section.2.6}{\376\377\000R\000i\000s\000k\000\040\000M\000a\000n\000a\000g\000e\000m\000e\000n\000t\000\040\000a\000n\000d\000\040\000M\000i\000t\000i\000g\000a\000t\000i\000o\000n\000\040\000S\000t\000r\000a\000t\000e\000g\000i\000e\000s}{chapter.2}% 30
\BOOKMARK [2][-]{subsection.2.6.1}{\376\377\000T\000e\000c\000h\000n\000i\000c\000a\000l\000\040\000R\000i\000s\000k\000s}{section.2.6}% 31
\BOOKMARK [2][-]{subsection.2.6.2}{\376\377\000O\000p\000e\000r\000a\000t\000i\000o\000n\000a\000l\000\040\000R\000i\000s\000k\000s}{section.2.6}% 32
\BOOKMARK [0][-]{chapter.3}{\376\377\000M\000e\000t\000h\000o\000d\000o\000l\000o\000g\000y\000\040\000a\000n\000d\000\040\000D\000e\000v\000e\000l\000o\000p\000m\000e\000n\000t\000\040\000S\000t\000r\000a\000t\000e\000g\000y}{}% 33
\BOOKMARK [1][-]{section.3.1}{\376\377\000A\000g\000i\000l\000e\000-\000A\000I\000\040\000H\000y\000b\000r\000i\000d\000\040\000M\000e\000t\000h\000o\000d\000o\000l\000o\000g\000y}{chapter.3}% 34
\BOOKMARK [2][-]{subsection.3.1.1}{\376\377\000M\000e\000t\000h\000o\000d\000o\000l\000o\000g\000i\000c\000a\000l\000\040\000F\000o\000u\000n\000d\000a\000t\000i\000o\000n}{section.3.1}% 35
\BOOKMARK [1][-]{section.3.2}{\376\377\000S\000p\000r\000i\000n\000t\000\040\000P\000l\000a\000n\000n\000i\000n\000g\000\040\000a\000n\000d\000\040\000E\000x\000e\000c\000u\000t\000i\000o\000n\000\040\000F\000r\000a\000m\000e\000w\000o\000r\000k}{chapter.3}% 36
\BOOKMARK [2][-]{subsection.3.2.1}{\376\377\000S\000p\000r\000i\000n\000t\000\040\000S\000t\000r\000u\000c\000t\000u\000r\000e\000\040\000a\000n\000d\000\040\000T\000i\000m\000e\000l\000i\000n\000e}{section.3.2}% 37
\BOOKMARK [2][-]{subsection.3.2.2}{\376\377\000S\000p\000r\000i\000n\000t\000\040\000P\000l\000a\000n\000n\000i\000n\000g\000\040\000P\000r\000o\000c\000e\000s\000s}{section.3.2}% 38
\BOOKMARK [1][-]{section.3.3}{\376\377\000U\000s\000e\000r\000\040\000S\000t\000o\000r\000y\000\040\000D\000e\000v\000e\000l\000o\000p\000m\000e\000n\000t\000\040\000a\000n\000d\000\040\000M\000a\000n\000a\000g\000e\000m\000e\000n\000t}{chapter.3}% 39
\BOOKMARK [2][-]{subsection.3.3.1}{\376\377\000U\000s\000e\000r\000\040\000S\000t\000o\000r\000y\000\040\000T\000e\000m\000p\000l\000a\000t\000e\000\040\000a\000n\000d\000\040\000S\000t\000r\000u\000c\000t\000u\000r\000e}{section.3.3}% 40
\BOOKMARK [2][-]{subsection.3.3.2}{\376\377\000S\000t\000o\000r\000y\000\040\000P\000r\000i\000o\000r\000i\000t\000i\000z\000a\000t\000i\000o\000n\000\040\000F\000r\000a\000m\000e\000w\000o\000r\000k}{section.3.3}% 41
\BOOKMARK [1][-]{section.3.4}{\376\377\000Q\000u\000a\000l\000i\000t\000y\000\040\000A\000s\000s\000u\000r\000a\000n\000c\000e\000\040\000a\000n\000d\000\040\000T\000e\000s\000t\000i\000n\000g\000\040\000M\000e\000t\000h\000o\000d\000o\000l\000o\000g\000y}{chapter.3}% 42
\BOOKMARK [2][-]{subsection.3.4.1}{\376\377\000C\000o\000m\000p\000r\000e\000h\000e\000n\000s\000i\000v\000e\000\040\000T\000e\000s\000t\000i\000n\000g\000\040\000S\000t\000r\000a\000t\000e\000g\000y}{section.3.4}% 43
\BOOKMARK [2][-]{subsection.3.4.2}{\376\377\000C\000o\000n\000t\000i\000n\000u\000o\000u\000s\000\040\000I\000n\000t\000e\000g\000r\000a\000t\000i\000o\000n\000\040\000a\000n\000d\000\040\000D\000e\000p\000l\000o\000y\000m\000e\000n\000t\000\040\000P\000i\000p\000e\000l\000i\000n\000e}{section.3.4}% 44
\BOOKMARK [1][-]{section.3.5}{\376\377\000P\000e\000r\000f\000o\000r\000m\000a\000n\000c\000e\000\040\000M\000o\000n\000i\000t\000o\000r\000i\000n\000g\000\040\000a\000n\000d\000\040\000O\000p\000t\000i\000m\000i\000z\000a\000t\000i\000o\000n}{chapter.3}% 45
\BOOKMARK [2][-]{subsection.3.5.1}{\376\377\000K\000e\000y\000\040\000P\000e\000r\000f\000o\000r\000m\000a\000n\000c\000e\000\040\000I\000n\000d\000i\000c\000a\000t\000o\000r\000s\000\040\000\050\000K\000P\000I\000s\000\051}{section.3.5}% 46
\BOOKMARK [2][-]{subsection.3.5.2}{\376\377\000O\000p\000t\000i\000m\000i\000z\000a\000t\000i\000o\000n\000\040\000S\000t\000r\000a\000t\000e\000g\000i\000e\000s}{section.3.5}% 47
\BOOKMARK [1][-]{section.3.6}{\376\377\000R\000i\000s\000k\000\040\000M\000a\000n\000a\000g\000e\000m\000e\000n\000t\000\040\000a\000n\000d\000\040\000M\000i\000t\000i\000g\000a\000t\000i\000o\000n}{chapter.3}% 48
\BOOKMARK [2][-]{subsection.3.6.1}{\376\377\000R\000i\000s\000k\000\040\000A\000s\000s\000e\000s\000s\000m\000e\000n\000t\000\040\000F\000r\000a\000m\000e\000w\000o\000r\000k}{section.3.6}% 49
\BOOKMARK [2][-]{subsection.3.6.2}{\376\377\000M\000i\000t\000i\000g\000a\000t\000i\000o\000n\000\040\000S\000t\000r\000a\000t\000e\000g\000i\000e\000s}{section.3.6}% 50
\BOOKMARK [0][-]{chapter.4}{\376\377\000S\000y\000s\000t\000e\000m\000\040\000A\000r\000c\000h\000i\000t\000e\000c\000t\000u\000r\000e\000\040\000a\000n\000d\000\040\000D\000e\000s\000i\000g\000n}{}% 51
\BOOKMARK [1][-]{section.4.1}{\376\377\000A\000r\000c\000h\000i\000t\000e\000c\000t\000u\000r\000a\000l\000\040\000O\000v\000e\000r\000v\000i\000e\000w}{chapter.4}% 52
\BOOKMARK [2][-]{subsection.4.1.1}{\376\377\000A\000r\000c\000h\000i\000t\000e\000c\000t\000u\000r\000a\000l\000\040\000P\000r\000i\000n\000c\000i\000p\000l\000e\000s}{section.4.1}% 53
\BOOKMARK [1][-]{section.4.2}{\376\377\000S\000y\000s\000t\000e\000m\000\040\000A\000r\000c\000h\000i\000t\000e\000c\000t\000u\000r\000e\000\040\000D\000i\000a\000g\000r\000a\000m}{chapter.4}% 54
\BOOKMARK [1][-]{section.4.3}{\376\377\000C\000o\000m\000p\000o\000n\000e\000n\000t\000\040\000A\000r\000c\000h\000i\000t\000e\000c\000t\000u\000r\000e\000\040\000D\000e\000t\000a\000i\000l\000s}{chapter.4}% 55
\BOOKMARK [2][-]{subsection.4.3.1}{\376\377\000P\000r\000e\000s\000e\000n\000t\000a\000t\000i\000o\000n\000\040\000L\000a\000y\000e\000r\000\040\000C\000o\000m\000p\000o\000n\000e\000n\000t\000s}{section.4.3}% 56
\BOOKMARK [2][-]{subsection.4.3.2}{\376\377\000A\000P\000I\000\040\000G\000a\000t\000e\000w\000a\000y\000\040\000a\000n\000d\000\040\000L\000o\000a\000d\000\040\000B\000a\000l\000a\000n\000c\000i\000n\000g}{section.4.3}% 57
\BOOKMARK [1][-]{section.4.4}{\376\377\000A\000I\000\040\000S\000e\000r\000v\000i\000c\000e\000s\000\040\000A\000r\000c\000h\000i\000t\000e\000c\000t\000u\000r\000e}{chapter.4}% 58
\BOOKMARK [2][-]{subsection.4.4.1}{\376\377\000F\000o\000r\000e\000c\000a\000s\000t\000i\000n\000g\000\040\000E\000n\000g\000i\000n\000e\000\040\000A\000r\000c\000h\000i\000t\000e\000c\000t\000u\000r\000e}{section.4.4}% 59
\BOOKMARK [2][-]{subsection.4.4.2}{\376\377\000A\000n\000o\000m\000a\000l\000y\000\040\000D\000e\000t\000e\000c\000t\000i\000o\000n\000\040\000A\000r\000c\000h\000i\000t\000e\000c\000t\000u\000r\000e}{section.4.4}% 60
\BOOKMARK [2][-]{subsection.4.4.3}{\376\377\000M\000i\000g\000r\000a\000t\000i\000o\000n\000\040\000A\000n\000a\000l\000y\000z\000e\000r\000\040\000A\000r\000c\000h\000i\000t\000e\000c\000t\000u\000r\000e}{section.4.4}% 61
\BOOKMARK [1][-]{section.4.5}{\376\377\000D\000a\000t\000a\000\040\000A\000r\000c\000h\000i\000t\000e\000c\000t\000u\000r\000e\000\040\000a\000n\000d\000\040\000M\000a\000n\000a\000g\000e\000m\000e\000n\000t}{chapter.4}% 62
\BOOKMARK [2][-]{subsection.4.5.1}{\376\377\000D\000a\000t\000a\000\040\000S\000t\000o\000r\000a\000g\000e\000\040\000S\000t\000r\000a\000t\000e\000g\000y}{section.4.5}% 63
\BOOKMARK [2][-]{subsection.4.5.2}{\376\377\000D\000a\000t\000a\000\040\000P\000i\000p\000e\000l\000i\000n\000e\000\040\000A\000r\000c\000h\000i\000t\000e\000c\000t\000u\000r\000e}{section.4.5}% 64
\BOOKMARK [1][-]{section.4.6}{\376\377\000S\000e\000c\000u\000r\000i\000t\000y\000\040\000A\000r\000c\000h\000i\000t\000e\000c\000t\000u\000r\000e}{chapter.4}% 65
\BOOKMARK [2][-]{subsection.4.6.1}{\376\377\000S\000e\000c\000u\000r\000i\000t\000y\000\040\000L\000a\000y\000e\000r\000s}{section.4.6}% 66
\BOOKMARK [2][-]{subsection.4.6.2}{\376\377\000A\000u\000t\000h\000e\000n\000t\000i\000c\000a\000t\000i\000o\000n\000\040\000a\000n\000d\000\040\000A\000u\000t\000h\000o\000r\000i\000z\000a\000t\000i\000o\000n}{section.4.6}% 67
\BOOKMARK [1][-]{section.4.7}{\376\377\000S\000c\000a\000l\000a\000b\000i\000l\000i\000t\000y\000\040\000a\000n\000d\000\040\000P\000e\000r\000f\000o\000r\000m\000a\000n\000c\000e\000\040\000D\000e\000s\000i\000g\000n}{chapter.4}% 68
\BOOKMARK [2][-]{subsection.4.7.1}{\376\377\000H\000o\000r\000i\000z\000o\000n\000t\000a\000l\000\040\000S\000c\000a\000l\000i\000n\000g\000\040\000S\000t\000r\000a\000t\000e\000g\000y}{section.4.7}% 69
\BOOKMARK [2][-]{subsection.4.7.2}{\376\377\000P\000e\000r\000f\000o\000r\000m\000a\000n\000c\000e\000\040\000O\000p\000t\000i\000m\000i\000z\000a\000t\000i\000o\000n\000\040\000T\000e\000c\000h\000n\000i\000q\000u\000e\000s}{section.4.7}% 70
\BOOKMARK [0][-]{chapter.5}{\376\377\000S\000p\000r\000i\000n\000t\000\040\0001\000:\000\040\000F\000o\000u\000n\000d\000a\000t\000i\000o\000n\000\040\000a\000n\000d\000\040\000I\000n\000f\000r\000a\000s\000t\000r\000u\000c\000t\000u\000r\000e\000\040\000S\000e\000t\000u\000p}{}% 71
\BOOKMARK [1][-]{section.5.1}{\376\377\000S\000p\000r\000i\000n\000t\000\040\000O\000v\000e\000r\000v\000i\000e\000w\000\040\000a\000n\000d\000\040\000O\000b\000j\000e\000c\000t\000i\000v\000e\000s}{chapter.5}% 72
\BOOKMARK [2][-]{subsection.5.1.1}{\376\377\000S\000p\000r\000i\000n\000t\000\040\000G\000o\000a\000l\000s}{section.5.1}% 73
\BOOKMARK [2][-]{subsection.5.1.2}{\376\377\000S\000u\000c\000c\000e\000s\000s\000\040\000C\000r\000i\000t\000e\000r\000i\000a}{section.5.1}% 74
\BOOKMARK [1][-]{section.5.2}{\376\377\000U\000s\000e\000r\000\040\000S\000t\000o\000r\000i\000e\000s\000\040\000a\000n\000d\000\040\000R\000e\000q\000u\000i\000r\000e\000m\000e\000n\000t\000s}{chapter.5}% 75
\BOOKMARK [2][-]{subsection.5.2.1}{\376\377\000E\000p\000i\000c\000:\000\040\000D\000e\000v\000e\000l\000o\000p\000m\000e\000n\000t\000\040\000I\000n\000f\000r\000a\000s\000t\000r\000u\000c\000t\000u\000r\000e}{section.5.2}% 76
\BOOKMARK [2][-]{subsection.5.2.2}{\376\377\000E\000p\000i\000c\000:\000\040\000C\000I\000/\000C\000D\000\040\000P\000i\000p\000e\000l\000i\000n\000e}{section.5.2}% 77
\BOOKMARK [1][-]{section.5.3}{\376\377\000T\000e\000c\000h\000n\000i\000c\000a\000l\000\040\000I\000m\000p\000l\000e\000m\000e\000n\000t\000a\000t\000i\000o\000n}{chapter.5}% 78
\BOOKMARK [2][-]{subsection.5.3.1}{\376\377\000D\000e\000v\000e\000l\000o\000p\000m\000e\000n\000t\000\040\000E\000n\000v\000i\000r\000o\000n\000m\000e\000n\000t\000\040\000A\000r\000c\000h\000i\000t\000e\000c\000t\000u\000r\000e}{section.5.3}% 79
\BOOKMARK [2][-]{subsection.5.3.2}{\376\377\000P\000r\000o\000j\000e\000c\000t\000\040\000S\000t\000r\000u\000c\000t\000u\000r\000e\000\040\000a\000n\000d\000\040\000O\000r\000g\000a\000n\000i\000z\000a\000t\000i\000o\000n}{section.5.3}% 80
\BOOKMARK [2][-]{subsection.5.3.3}{\376\377\000C\000o\000n\000t\000a\000i\000n\000e\000r\000i\000z\000a\000t\000i\000o\000n\000\040\000S\000t\000r\000a\000t\000e\000g\000y}{section.5.3}% 81
\BOOKMARK [1][-]{section.5.4}{\376\377\000C\000I\000/\000C\000D\000\040\000P\000i\000p\000e\000l\000i\000n\000e\000\040\000I\000m\000p\000l\000e\000m\000e\000n\000t\000a\000t\000i\000o\000n}{chapter.5}% 82
\BOOKMARK [2][-]{subsection.5.4.1}{\376\377\000P\000i\000p\000e\000l\000i\000n\000e\000\040\000A\000r\000c\000h\000i\000t\000e\000c\000t\000u\000r\000e}{section.5.4}% 83
\BOOKMARK [2][-]{subsection.5.4.2}{\376\377\000Q\000u\000a\000l\000i\000t\000y\000\040\000G\000a\000t\000e\000s\000\040\000a\000n\000d\000\040\000A\000u\000t\000o\000m\000a\000t\000i\000o\000n}{section.5.4}% 84
\BOOKMARK [1][-]{section.5.5}{\376\377\000M\000o\000n\000i\000t\000o\000r\000i\000n\000g\000\040\000a\000n\000d\000\040\000O\000b\000s\000e\000r\000v\000a\000b\000i\000l\000i\000t\000y\000\040\000S\000e\000t\000u\000p}{chapter.5}% 85
\BOOKMARK [2][-]{subsection.5.5.1}{\376\377\000M\000o\000n\000i\000t\000o\000r\000i\000n\000g\000\040\000S\000t\000a\000c\000k\000\040\000A\000r\000c\000h\000i\000t\000e\000c\000t\000u\000r\000e}{section.5.5}% 86
\BOOKMARK [2][-]{subsection.5.5.2}{\376\377\000K\000e\000y\000\040\000P\000e\000r\000f\000o\000r\000m\000a\000n\000c\000e\000\040\000I\000n\000d\000i\000c\000a\000t\000o\000r\000s\000\040\000\050\000K\000P\000I\000s\000\051}{section.5.5}% 87
\BOOKMARK [1][-]{section.5.6}{\376\377\000S\000e\000c\000u\000r\000i\000t\000y\000\040\000I\000m\000p\000l\000e\000m\000e\000n\000t\000a\000t\000i\000o\000n}{chapter.5}% 88
\BOOKMARK [2][-]{subsection.5.6.1}{\376\377\000F\000o\000u\000n\000d\000a\000t\000i\000o\000n\000\040\000S\000e\000c\000u\000r\000i\000t\000y\000\040\000M\000e\000a\000s\000u\000r\000e\000s}{section.5.6}% 89
\BOOKMARK [1][-]{section.5.7}{\376\377\000T\000e\000s\000t\000i\000n\000g\000\040\000a\000n\000d\000\040\000V\000a\000l\000i\000d\000a\000t\000i\000o\000n}{chapter.5}% 90
\BOOKMARK [2][-]{subsection.5.7.1}{\376\377\000S\000p\000r\000i\000n\000t\000\040\0001\000\040\000T\000e\000s\000t\000i\000n\000g\000\040\000R\000e\000s\000u\000l\000t\000s}{section.5.7}% 91
\BOOKMARK [2][-]{subsection.5.7.2}{\376\377\000P\000e\000r\000f\000o\000r\000m\000a\000n\000c\000e\000\040\000V\000a\000l\000i\000d\000a\000t\000i\000o\000n}{section.5.7}% 92
\BOOKMARK [1][-]{section.5.8}{\376\377\000L\000e\000s\000s\000o\000n\000s\000\040\000L\000e\000a\000r\000n\000e\000d\000\040\000a\000n\000d\000\040\000C\000o\000n\000t\000i\000n\000u\000o\000u\000s\000\040\000I\000m\000p\000r\000o\000v\000e\000m\000e\000n\000t}{chapter.5}% 93
\BOOKMARK [2][-]{subsection.5.8.1}{\376\377\000S\000p\000r\000i\000n\000t\000\040\0001\000\040\000R\000e\000t\000r\000o\000s\000p\000e\000c\000t\000i\000v\000e}{section.5.8}% 94
\BOOKMARK [1][-]{section.5.9}{\376\377\000S\000p\000r\000i\000n\000t\000\040\0001\000\040\000C\000o\000n\000c\000l\000u\000s\000i\000o\000n}{chapter.5}% 95
\BOOKMARK [0][-]{chapter.6}{\376\377\000S\000p\000r\000i\000n\000t\000\040\0002\000:\000\040\000C\000o\000r\000e\000\040\000A\000I\000\040\000S\000e\000r\000v\000i\000c\000e\000s\000\040\000D\000e\000v\000e\000l\000o\000p\000m\000e\000n\000t}{}% 96
\BOOKMARK [1][-]{section.6.1}{\376\377\000S\000p\000r\000i\000n\000t\000\040\000O\000v\000e\000r\000v\000i\000e\000w\000\040\000a\000n\000d\000\040\000O\000b\000j\000e\000c\000t\000i\000v\000e\000s}{chapter.6}% 97
\BOOKMARK [2][-]{subsection.6.1.1}{\376\377\000S\000p\000r\000i\000n\000t\000\040\000G\000o\000a\000l\000s}{section.6.1}% 98
\BOOKMARK [2][-]{subsection.6.1.2}{\376\377\000S\000u\000c\000c\000e\000s\000s\000\040\000C\000r\000i\000t\000e\000r\000i\000a}{section.6.1}% 99
\BOOKMARK [1][-]{section.6.2}{\376\377\000U\000s\000e\000r\000\040\000S\000t\000o\000r\000i\000e\000s\000\040\000a\000n\000d\000\040\000R\000e\000q\000u\000i\000r\000e\000m\000e\000n\000t\000s}{chapter.6}% 100
\BOOKMARK [2][-]{subsection.6.2.1}{\376\377\000E\000p\000i\000c\000:\000\040\000I\000n\000t\000e\000l\000l\000i\000g\000e\000n\000t\000\040\000F\000o\000r\000e\000c\000a\000s\000t\000i\000n\000g}{section.6.2}% 101
\BOOKMARK [2][-]{subsection.6.2.2}{\376\377\000E\000p\000i\000c\000:\000\040\000A\000n\000o\000m\000a\000l\000y\000\040\000D\000e\000t\000e\000c\000t\000i\000o\000n}{section.6.2}% 102
\BOOKMARK [2][-]{subsection.6.2.3}{\376\377\000E\000p\000i\000c\000:\000\040\000D\000a\000t\000a\000b\000a\000s\000e\000\040\000M\000i\000g\000r\000a\000t\000i\000o\000n\000\040\000A\000n\000a\000l\000y\000s\000i\000s}{section.6.2}% 103
\BOOKMARK [1][-]{section.6.3}{\376\377\000T\000e\000c\000h\000n\000i\000c\000a\000l\000\040\000I\000m\000p\000l\000e\000m\000e\000n\000t\000a\000t\000i\000o\000n}{chapter.6}% 104
\BOOKMARK [2][-]{subsection.6.3.1}{\376\377\000F\000o\000r\000e\000c\000a\000s\000t\000i\000n\000g\000\040\000E\000n\000g\000i\000n\000e\000\040\000A\000r\000c\000h\000i\000t\000e\000c\000t\000u\000r\000e}{section.6.3}% 105
\BOOKMARK [2][-]{subsection.6.3.2}{\376\377\000A\000n\000o\000m\000a\000l\000y\000\040\000D\000e\000t\000e\000c\000t\000i\000o\000n\000\040\000S\000y\000s\000t\000e\000m\000\040\000A\000r\000c\000h\000i\000t\000e\000c\000t\000u\000r\000e}{section.6.3}% 106
\BOOKMARK [2][-]{subsection.6.3.3}{\376\377\000M\000i\000g\000r\000a\000t\000i\000o\000n\000\040\000A\000n\000a\000l\000y\000z\000e\000r\000\040\000I\000m\000p\000l\000e\000m\000e\000n\000t\000a\000t\000i\000o\000n}{section.6.3}% 107
\BOOKMARK [1][-]{section.6.4}{\376\377\000M\000a\000c\000h\000i\000n\000e\000\040\000L\000e\000a\000r\000n\000i\000n\000g\000\040\000P\000i\000p\000e\000l\000i\000n\000e\000\040\000I\000n\000f\000r\000a\000s\000t\000r\000u\000c\000t\000u\000r\000e}{chapter.6}% 108
\BOOKMARK [2][-]{subsection.6.4.1}{\376\377\000M\000o\000d\000e\000l\000\040\000T\000r\000a\000i\000n\000i\000n\000g\000\040\000a\000n\000d\000\040\000V\000a\000l\000i\000d\000a\000t\000i\000o\000n\000\040\000F\000r\000a\000m\000e\000w\000o\000r\000k}{section.6.4}% 109
\BOOKMARK [1][-]{section.6.5}{\376\377\000A\000P\000I\000\040\000I\000n\000t\000e\000g\000r\000a\000t\000i\000o\000n\000\040\000a\000n\000d\000\040\000D\000e\000s\000i\000g\000n}{chapter.6}% 110
\BOOKMARK [2][-]{subsection.6.5.1}{\376\377\000R\000E\000S\000T\000f\000u\000l\000\040\000A\000P\000I\000\040\000I\000m\000p\000l\000e\000m\000e\000n\000t\000a\000t\000i\000o\000n}{section.6.5}% 111
\BOOKMARK [1][-]{section.6.6}{\376\377\000T\000e\000s\000t\000i\000n\000g\000\040\000a\000n\000d\000\040\000V\000a\000l\000i\000d\000a\000t\000i\000o\000n}{chapter.6}% 112
\BOOKMARK [2][-]{subsection.6.6.1}{\376\377\000A\000I\000\040\000M\000o\000d\000e\000l\000\040\000T\000e\000s\000t\000i\000n\000g\000\040\000S\000t\000r\000a\000t\000e\000g\000y}{section.6.6}% 113
\BOOKMARK [1][-]{section.6.7}{\376\377\000P\000e\000r\000f\000o\000r\000m\000a\000n\000c\000e\000\040\000O\000p\000t\000i\000m\000i\000z\000a\000t\000i\000o\000n}{chapter.6}% 114
\BOOKMARK [2][-]{subsection.6.7.1}{\376\377\000M\000o\000d\000e\000l\000\040\000O\000p\000t\000i\000m\000i\000z\000a\000t\000i\000o\000n\000\040\000T\000e\000c\000h\000n\000i\000q\000u\000e\000s}{section.6.7}% 115
\BOOKMARK [1][-]{section.6.8}{\376\377\000L\000e\000s\000s\000o\000n\000s\000\040\000L\000e\000a\000r\000n\000e\000d\000\040\000a\000n\000d\000\040\000C\000o\000n\000t\000i\000n\000u\000o\000u\000s\000\040\000I\000m\000p\000r\000o\000v\000e\000m\000e\000n\000t}{chapter.6}% 116
\BOOKMARK [2][-]{subsection.6.8.1}{\376\377\000S\000p\000r\000i\000n\000t\000\040\0002\000\040\000R\000e\000t\000r\000o\000s\000p\000e\000c\000t\000i\000v\000e}{section.6.8}% 117
\BOOKMARK [1][-]{section.6.9}{\376\377\000S\000p\000r\000i\000n\000t\000\040\0002\000\040\000C\000o\000n\000c\000l\000u\000s\000i\000o\000n}{chapter.6}% 118
\BOOKMARK [0][-]{chapter.7}{\376\377\000S\000p\000r\000i\000n\000t\000\040\0003\000:\000\040\000F\000r\000o\000n\000t\000e\000n\000d\000\040\000D\000e\000v\000e\000l\000o\000p\000m\000e\000n\000t\000\040\000a\000n\000d\000\040\000U\000s\000e\000r\000\040\000E\000x\000p\000e\000r\000i\000e\000n\000c\000e}{}% 119
\BOOKMARK [1][-]{section.7.1}{\376\377\000S\000p\000r\000i\000n\000t\000\040\000O\000v\000e\000r\000v\000i\000e\000w\000\040\000a\000n\000d\000\040\000O\000b\000j\000e\000c\000t\000i\000v\000e\000s}{chapter.7}% 120
\BOOKMARK [2][-]{subsection.7.1.1}{\376\377\000S\000p\000r\000i\000n\000t\000\040\000G\000o\000a\000l\000s}{section.7.1}% 121
\BOOKMARK [2][-]{subsection.7.1.2}{\376\377\000S\000u\000c\000c\000e\000s\000s\000\040\000C\000r\000i\000t\000e\000r\000i\000a}{section.7.1}% 122
\BOOKMARK [1][-]{section.7.2}{\376\377\000U\000s\000e\000r\000\040\000S\000t\000o\000r\000i\000e\000s\000\040\000a\000n\000d\000\040\000R\000e\000q\000u\000i\000r\000e\000m\000e\000n\000t\000s}{chapter.7}% 123
\BOOKMARK [2][-]{subsection.7.2.1}{\376\377\000E\000p\000i\000c\000:\000\040\000I\000n\000t\000u\000i\000t\000i\000v\000e\000\040\000D\000a\000s\000h\000b\000o\000a\000r\000d}{section.7.2}% 124
\BOOKMARK [1][-]{section.7.3}{\376\377\000T\000e\000c\000h\000n\000i\000c\000a\000l\000\040\000I\000m\000p\000l\000e\000m\000e\000n\000t\000a\000t\000i\000o\000n}{chapter.7}% 125
\BOOKMARK [2][-]{subsection.7.3.1}{\376\377\000F\000r\000o\000n\000t\000e\000n\000d\000\040\000A\000r\000c\000h\000i\000t\000e\000c\000t\000u\000r\000e}{section.7.3}% 126
\BOOKMARK [2][-]{subsection.7.3.2}{\376\377\000C\000o\000m\000p\000o\000n\000e\000n\000t\000\040\000L\000i\000b\000r\000a\000r\000y\000\040\000a\000n\000d\000\040\000D\000e\000s\000i\000g\000n\000\040\000S\000y\000s\000t\000e\000m}{section.7.3}% 127
\BOOKMARK [1][-]{section.7.4}{\376\377\000P\000e\000r\000f\000o\000r\000m\000a\000n\000c\000e\000\040\000O\000p\000t\000i\000m\000i\000z\000a\000t\000i\000o\000n}{chapter.7}% 128
\BOOKMARK [2][-]{subsection.7.4.1}{\376\377\000F\000r\000o\000n\000t\000e\000n\000d\000\040\000P\000e\000r\000f\000o\000r\000m\000a\000n\000c\000e\000\040\000M\000e\000t\000r\000i\000c\000s}{section.7.4}% 129
\BOOKMARK [2][-]{subsection.7.4.2}{\376\377\000O\000p\000t\000i\000m\000i\000z\000a\000t\000i\000o\000n\000\040\000T\000e\000c\000h\000n\000i\000q\000u\000e\000s}{section.7.4}% 130
\BOOKMARK [1][-]{section.7.5}{\376\377\000R\000e\000a\000l\000-\000t\000i\000m\000e\000\040\000D\000a\000t\000a\000\040\000I\000n\000t\000e\000g\000r\000a\000t\000i\000o\000n}{chapter.7}% 131
\BOOKMARK [2][-]{subsection.7.5.1}{\376\377\000W\000e\000b\000S\000o\000c\000k\000e\000t\000\040\000I\000m\000p\000l\000e\000m\000e\000n\000t\000a\000t\000i\000o\000n}{section.7.5}% 132
\BOOKMARK [1][-]{section.7.6}{\376\377\000T\000e\000s\000t\000i\000n\000g\000\040\000a\000n\000d\000\040\000V\000a\000l\000i\000d\000a\000t\000i\000o\000n}{chapter.7}% 133
\BOOKMARK [2][-]{subsection.7.6.1}{\376\377\000F\000r\000o\000n\000t\000e\000n\000d\000\040\000T\000e\000s\000t\000i\000n\000g\000\040\000R\000e\000s\000u\000l\000t\000s}{section.7.6}% 134
\BOOKMARK [1][-]{section.7.7}{\376\377\000U\000s\000e\000r\000\040\000E\000x\000p\000e\000r\000i\000e\000n\000c\000e\000\040\000V\000a\000l\000i\000d\000a\000t\000i\000o\000n}{chapter.7}% 135
\BOOKMARK [2][-]{subsection.7.7.1}{\376\377\000U\000s\000a\000b\000i\000l\000i\000t\000y\000\040\000T\000e\000s\000t\000i\000n\000g\000\040\000R\000e\000s\000u\000l\000t\000s}{section.7.7}% 136
\BOOKMARK [1][-]{section.7.8}{\376\377\000A\000c\000c\000e\000s\000s\000i\000b\000i\000l\000i\000t\000y\000\040\000I\000m\000p\000l\000e\000m\000e\000n\000t\000a\000t\000i\000o\000n}{chapter.7}% 137
\BOOKMARK [2][-]{subsection.7.8.1}{\376\377\000W\000C\000A\000G\000\040\0002\000.\0001\000\040\000A\000A\000\040\000C\000o\000m\000p\000l\000i\000a\000n\000c\000e}{section.7.8}% 138
\BOOKMARK [1][-]{section.7.9}{\376\377\000S\000p\000r\000i\000n\000t\000\040\0003\000\040\000C\000o\000n\000c\000l\000u\000s\000i\000o\000n}{chapter.7}% 139
\BOOKMARK [0][-]{chapter.8}{\376\377\000S\000p\000r\000i\000n\000t\000\040\0005\000:\000\040\000S\000e\000c\000u\000r\000i\000t\000y\000\040\000I\000m\000p\000l\000e\000m\000e\000n\000t\000a\000t\000i\000o\000n\000\040\000a\000n\000d\000\040\000H\000a\000r\000d\000e\000n\000i\000n\000g}{}% 140
\BOOKMARK [1][-]{section.8.1}{\376\377\000S\000p\000r\000i\000n\000t\000\040\000O\000v\000e\000r\000v\000i\000e\000w\000\040\000a\000n\000d\000\040\000O\000b\000j\000e\000c\000t\000i\000v\000e\000s}{chapter.8}% 141
\BOOKMARK [2][-]{subsection.8.1.1}{\376\377\000S\000p\000r\000i\000n\000t\000\040\000G\000o\000a\000l\000s}{section.8.1}% 142
\BOOKMARK [2][-]{subsection.8.1.2}{\376\377\000S\000u\000c\000c\000e\000s\000s\000\040\000C\000r\000i\000t\000e\000r\000i\000a}{section.8.1}% 143
\BOOKMARK [1][-]{section.8.2}{\376\377\000U\000s\000e\000r\000\040\000S\000t\000o\000r\000i\000e\000s\000\040\000a\000n\000d\000\040\000R\000e\000q\000u\000i\000r\000e\000m\000e\000n\000t\000s}{chapter.8}% 144
\BOOKMARK [2][-]{subsection.8.2.1}{\376\377\000E\000p\000i\000c\000:\000\040\000Z\000e\000r\000o\000-\000T\000r\000u\000s\000t\000\040\000S\000e\000c\000u\000r\000i\000t\000y}{section.8.2}% 145
\BOOKMARK [1][-]{section.8.3}{\376\377\000S\000e\000c\000u\000r\000i\000t\000y\000\040\000A\000r\000c\000h\000i\000t\000e\000c\000t\000u\000r\000e\000\040\000I\000m\000p\000l\000e\000m\000e\000n\000t\000a\000t\000i\000o\000n}{chapter.8}% 146
\BOOKMARK [2][-]{subsection.8.3.1}{\376\377\000D\000e\000f\000e\000n\000s\000e\000-\000i\000n\000-\000D\000e\000p\000t\000h\000\040\000S\000e\000c\000u\000r\000i\000t\000y\000\040\000M\000o\000d\000e\000l}{section.8.3}% 147
\BOOKMARK [2][-]{subsection.8.3.2}{\376\377\000Z\000e\000r\000o\000-\000T\000r\000u\000s\000t\000\040\000I\000m\000p\000l\000e\000m\000e\000n\000t\000a\000t\000i\000o\000n}{section.8.3}% 148
\BOOKMARK [1][-]{section.8.4}{\376\377\000A\000u\000t\000h\000e\000n\000t\000i\000c\000a\000t\000i\000o\000n\000\040\000a\000n\000d\000\040\000I\000d\000e\000n\000t\000i\000t\000y\000\040\000M\000a\000n\000a\000g\000e\000m\000e\000n\000t}{chapter.8}% 149
\BOOKMARK [2][-]{subsection.8.4.1}{\376\377\000M\000u\000l\000t\000i\000-\000F\000a\000c\000t\000o\000r\000\040\000A\000u\000t\000h\000e\000n\000t\000i\000c\000a\000t\000i\000o\000n\000\040\000I\000m\000p\000l\000e\000m\000e\000n\000t\000a\000t\000i\000o\000n}{section.8.4}% 150
\BOOKMARK [1][-]{section.8.5}{\376\377\000D\000a\000t\000a\000\040\000P\000r\000o\000t\000e\000c\000t\000i\000o\000n\000\040\000a\000n\000d\000\040\000E\000n\000c\000r\000y\000p\000t\000i\000o\000n}{chapter.8}% 151
\BOOKMARK [2][-]{subsection.8.5.1}{\376\377\000E\000n\000c\000r\000y\000p\000t\000i\000o\000n\000\040\000I\000m\000p\000l\000e\000m\000e\000n\000t\000a\000t\000i\000o\000n}{section.8.5}% 152
\BOOKMARK [1][-]{section.8.6}{\376\377\000V\000u\000l\000n\000e\000r\000a\000b\000i\000l\000i\000t\000y\000\040\000M\000a\000n\000a\000g\000e\000m\000e\000n\000t}{chapter.8}% 153
\BOOKMARK [2][-]{subsection.8.6.1}{\376\377\000A\000u\000t\000o\000m\000a\000t\000e\000d\000\040\000S\000e\000c\000u\000r\000i\000t\000y\000\040\000S\000c\000a\000n\000n\000i\000n\000g}{section.8.6}% 154
\BOOKMARK [1][-]{section.8.7}{\376\377\000T\000h\000r\000e\000a\000t\000\040\000D\000e\000t\000e\000c\000t\000i\000o\000n\000\040\000a\000n\000d\000\040\000R\000e\000s\000p\000o\000n\000s\000e}{chapter.8}% 155
\BOOKMARK [2][-]{subsection.8.7.1}{\376\377\000S\000e\000c\000u\000r\000i\000t\000y\000\040\000I\000n\000f\000o\000r\000m\000a\000t\000i\000o\000n\000\040\000a\000n\000d\000\040\000E\000v\000e\000n\000t\000\040\000M\000a\000n\000a\000g\000e\000m\000e\000n\000t\000\040\000\050\000S\000I\000E\000M\000\051}{section.8.7}% 156
\BOOKMARK [1][-]{section.8.8}{\376\377\000C\000o\000m\000p\000l\000i\000a\000n\000c\000e\000\040\000I\000m\000p\000l\000e\000m\000e\000n\000t\000a\000t\000i\000o\000n}{chapter.8}% 157
\BOOKMARK [2][-]{subsection.8.8.1}{\376\377\000R\000e\000g\000u\000l\000a\000t\000o\000r\000y\000\040\000C\000o\000m\000p\000l\000i\000a\000n\000c\000e\000\040\000F\000r\000a\000m\000e\000w\000o\000r\000k}{section.8.8}% 158
\BOOKMARK [1][-]{section.8.9}{\376\377\000C\000o\000n\000t\000a\000i\000n\000e\000r\000\040\000a\000n\000d\000\040\000I\000n\000f\000r\000a\000s\000t\000r\000u\000c\000t\000u\000r\000e\000\040\000S\000e\000c\000u\000r\000i\000t\000y}{chapter.8}% 159
\BOOKMARK [2][-]{subsection.8.9.1}{\376\377\000C\000o\000n\000t\000a\000i\000n\000e\000r\000\040\000S\000e\000c\000u\000r\000i\000t\000y\000\040\000I\000m\000p\000l\000e\000m\000e\000n\000t\000a\000t\000i\000o\000n}{section.8.9}% 160
\BOOKMARK [1][-]{section.8.10}{\376\377\000T\000e\000s\000t\000i\000n\000g\000\040\000a\000n\000d\000\040\000V\000a\000l\000i\000d\000a\000t\000i\000o\000n}{chapter.8}% 161
\BOOKMARK [2][-]{subsection.8.10.1}{\376\377\000S\000e\000c\000u\000r\000i\000t\000y\000\040\000T\000e\000s\000t\000i\000n\000g\000\040\000R\000e\000s\000u\000l\000t\000s}{section.8.10}% 162
\BOOKMARK [1][-]{section.8.11}{\376\377\000P\000e\000r\000f\000o\000r\000m\000a\000n\000c\000e\000\040\000I\000m\000p\000a\000c\000t\000\040\000A\000n\000a\000l\000y\000s\000i\000s}{chapter.8}% 163
\BOOKMARK [2][-]{subsection.8.11.1}{\376\377\000S\000e\000c\000u\000r\000i\000t\000y\000\040\000v\000s\000\040\000P\000e\000r\000f\000o\000r\000m\000a\000n\000c\000e\000\040\000T\000r\000a\000d\000e\000-\000o\000f\000f\000s}{section.8.11}% 164
\BOOKMARK [1][-]{section.8.12}{\376\377\000S\000p\000r\000i\000n\000t\000\040\0005\000\040\000C\000o\000n\000c\000l\000u\000s\000i\000o\000n}{chapter.8}% 165
\BOOKMARK [0][-]{chapter.9}{\376\377\000S\000p\000r\000i\000n\000t\000\040\0006\000:\000\040\000P\000e\000r\000f\000o\000r\000m\000a\000n\000c\000e\000\040\000O\000p\000t\000i\000m\000i\000z\000a\000t\000i\000o\000n\000\040\000a\000n\000d\000\040\000S\000c\000a\000l\000a\000b\000i\000l\000i\000t\000y}{}% 166
\BOOKMARK [1][-]{section.9.1}{\376\377\000S\000p\000r\000i\000n\000t\000\040\000O\000v\000e\000r\000v\000i\000e\000w\000\040\000a\000n\000d\000\040\000O\000b\000j\000e\000c\000t\000i\000v\000e\000s}{chapter.9}% 167
\BOOKMARK [2][-]{subsection.9.1.1}{\376\377\000S\000p\000r\000i\000n\000t\000\040\000G\000o\000a\000l\000s}{section.9.1}% 168
\BOOKMARK [2][-]{subsection.9.1.2}{\376\377\000S\000u\000c\000c\000e\000s\000s\000\040\000C\000r\000i\000t\000e\000r\000i\000a}{section.9.1}% 169
\BOOKMARK [1][-]{section.9.2}{\376\377\000U\000s\000e\000r\000\040\000S\000t\000o\000r\000i\000e\000s\000\040\000a\000n\000d\000\040\000R\000e\000q\000u\000i\000r\000e\000m\000e\000n\000t\000s}{chapter.9}% 170
\BOOKMARK [2][-]{subsection.9.2.1}{\376\377\000E\000p\000i\000c\000:\000\040\000H\000i\000g\000h\000-\000P\000e\000r\000f\000o\000r\000m\000a\000n\000c\000e\000\040\000A\000I}{section.9.2}% 171
\BOOKMARK [1][-]{section.9.3}{\376\377\000A\000I\000\040\000M\000o\000d\000e\000l\000\040\000O\000p\000t\000i\000m\000i\000z\000a\000t\000i\000o\000n}{chapter.9}% 172
\BOOKMARK [2][-]{subsection.9.3.1}{\376\377\000M\000o\000d\000e\000l\000\040\000P\000e\000r\000f\000o\000r\000m\000a\000n\000c\000e\000\040\000E\000n\000h\000a\000n\000c\000e\000m\000e\000n\000t}{section.9.3}% 173
\BOOKMARK [2][-]{subsection.9.3.2}{\376\377\000G\000P\000U\000\040\000A\000c\000c\000e\000l\000e\000r\000a\000t\000i\000o\000n\000\040\000I\000m\000p\000l\000e\000m\000e\000n\000t\000a\000t\000i\000o\000n}{section.9.3}% 174
\BOOKMARK [1][-]{section.9.4}{\376\377\000D\000a\000t\000a\000b\000a\000s\000e\000\040\000P\000e\000r\000f\000o\000r\000m\000a\000n\000c\000e\000\040\000O\000p\000t\000i\000m\000i\000z\000a\000t\000i\000o\000n}{chapter.9}% 175
\BOOKMARK [2][-]{subsection.9.4.1}{\376\377\000Q\000u\000e\000r\000y\000\040\000O\000p\000t\000i\000m\000i\000z\000a\000t\000i\000o\000n\000\040\000S\000t\000r\000a\000t\000e\000g\000y}{section.9.4}% 176
\BOOKMARK [1][-]{section.9.5}{\376\377\000C\000a\000c\000h\000i\000n\000g\000\040\000A\000r\000c\000h\000i\000t\000e\000c\000t\000u\000r\000e}{chapter.9}% 177
\BOOKMARK [2][-]{subsection.9.5.1}{\376\377\000M\000u\000l\000t\000i\000-\000L\000e\000v\000e\000l\000\040\000C\000a\000c\000h\000i\000n\000g\000\040\000S\000t\000r\000a\000t\000e\000g\000y}{section.9.5}% 178
\BOOKMARK [2][-]{subsection.9.5.2}{\376\377\000C\000a\000c\000h\000e\000\040\000P\000e\000r\000f\000o\000r\000m\000a\000n\000c\000e\000\040\000M\000e\000t\000r\000i\000c\000s}{section.9.5}% 179
\BOOKMARK [1][-]{section.9.6}{\376\377\000A\000u\000t\000o\000-\000S\000c\000a\000l\000i\000n\000g\000\040\000I\000m\000p\000l\000e\000m\000e\000n\000t\000a\000t\000i\000o\000n}{chapter.9}% 180
\BOOKMARK [2][-]{subsection.9.6.1}{\376\377\000K\000u\000b\000e\000r\000n\000e\000t\000e\000s\000\040\000A\000u\000t\000o\000-\000S\000c\000a\000l\000i\000n\000g}{section.9.6}% 181
\BOOKMARK [1][-]{section.9.7}{\376\377\000L\000o\000a\000d\000\040\000T\000e\000s\000t\000i\000n\000g\000\040\000a\000n\000d\000\040\000V\000a\000l\000i\000d\000a\000t\000i\000o\000n}{chapter.9}% 182
\BOOKMARK [2][-]{subsection.9.7.1}{\376\377\000P\000e\000r\000f\000o\000r\000m\000a\000n\000c\000e\000\040\000T\000e\000s\000t\000i\000n\000g\000\040\000R\000e\000s\000u\000l\000t\000s}{section.9.7}% 183
\BOOKMARK [1][-]{section.9.8}{\376\377\000R\000e\000s\000o\000u\000r\000c\000e\000\040\000O\000p\000t\000i\000m\000i\000z\000a\000t\000i\000o\000n}{chapter.9}% 184
\BOOKMARK [2][-]{subsection.9.8.1}{\376\377\000C\000o\000s\000t\000\040\000E\000f\000f\000i\000c\000i\000e\000n\000c\000y\000\040\000A\000n\000a\000l\000y\000s\000i\000s}{section.9.8}% 185
\BOOKMARK [2][-]{subsection.9.8.2}{\376\377\000P\000e\000r\000f\000o\000r\000m\000a\000n\000c\000e\000\040\000M\000o\000n\000i\000t\000o\000r\000i\000n\000g\000\040\000I\000m\000p\000l\000e\000m\000e\000n\000t\000a\000t\000i\000o\000n}{section.9.8}% 186
\BOOKMARK [1][-]{section.9.9}{\376\377\000T\000e\000s\000t\000i\000n\000g\000\040\000a\000n\000d\000\040\000V\000a\000l\000i\000d\000a\000t\000i\000o\000n}{chapter.9}% 187
\BOOKMARK [2][-]{subsection.9.9.1}{\376\377\000P\000e\000r\000f\000o\000r\000m\000a\000n\000c\000e\000\040\000T\000e\000s\000t\000i\000n\000g\000\040\000R\000e\000s\000u\000l\000t\000s}{section.9.9}% 188
\BOOKMARK [1][-]{section.9.10}{\376\377\000P\000e\000r\000f\000o\000r\000m\000a\000n\000c\000e\000\040\000A\000c\000h\000i\000e\000v\000e\000m\000e\000n\000t\000s}{chapter.9}% 189
\BOOKMARK [2][-]{subsection.9.10.1}{\376\377\000K\000e\000y\000\040\000P\000e\000r\000f\000o\000r\000m\000a\000n\000c\000e\000\040\000I\000m\000p\000r\000o\000v\000e\000m\000e\000n\000t\000s}{section.9.10}% 190
\BOOKMARK [1][-]{section.9.11}{\376\377\000S\000p\000r\000i\000n\000t\000\040\0006\000\040\000C\000o\000n\000c\000l\000u\000s\000i\000o\000n}{chapter.9}% 191
\BOOKMARK [0][-]{chapter.10}{\376\377\000C\000o\000n\000c\000l\000u\000s\000i\000o\000n\000\040\000a\000n\000d\000\040\000F\000u\000t\000u\000r\000e\000\040\000O\000u\000t\000l\000o\000o\000k}{}% 192
\BOOKMARK [1][-]{section.10.1}{\376\377\000P\000r\000o\000j\000e\000c\000t\000\040\000S\000u\000m\000m\000a\000r\000y\000\040\000a\000n\000d\000\040\000A\000c\000h\000i\000e\000v\000e\000m\000e\000n\000t\000s}{chapter.10}% 193
\BOOKMARK [2][-]{subsection.10.1.1}{\376\377\000K\000e\000y\000\040\000A\000c\000h\000i\000e\000v\000e\000m\000e\000n\000t\000s\000\040\000S\000u\000m\000m\000a\000r\000y}{section.10.1}% 194
\BOOKMARK [2][-]{subsection.10.1.2}{\376\377\000T\000e\000c\000h\000n\000i\000c\000a\000l\000\040\000I\000n\000n\000o\000v\000a\000t\000i\000o\000n\000\040\000C\000o\000n\000t\000r\000i\000b\000u\000t\000i\000o\000n\000s}{section.10.1}% 195
\BOOKMARK [1][-]{section.10.2}{\376\377\000B\000u\000s\000i\000n\000e\000s\000s\000\040\000I\000m\000p\000a\000c\000t\000\040\000a\000n\000d\000\040\000V\000a\000l\000u\000e\000\040\000D\000e\000l\000i\000v\000e\000r\000y}{chapter.10}% 196
\BOOKMARK [2][-]{subsection.10.2.1}{\376\377\000Q\000u\000a\000n\000t\000i\000f\000i\000a\000b\000l\000e\000\040\000B\000u\000s\000i\000n\000e\000s\000s\000\040\000B\000e\000n\000e\000f\000i\000t\000s}{section.10.2}% 197
\BOOKMARK [2][-]{subsection.10.2.2}{\376\377\000S\000t\000r\000a\000t\000e\000g\000i\000c\000\040\000A\000d\000v\000a\000n\000t\000a\000g\000e\000s}{section.10.2}% 198
\BOOKMARK [1][-]{section.10.3}{\376\377\000L\000e\000s\000s\000o\000n\000s\000\040\000L\000e\000a\000r\000n\000e\000d\000\040\000a\000n\000d\000\040\000B\000e\000s\000t\000\040\000P\000r\000a\000c\000t\000i\000c\000e\000s}{chapter.10}% 199
\BOOKMARK [2][-]{subsection.10.3.1}{\376\377\000D\000e\000v\000e\000l\000o\000p\000m\000e\000n\000t\000\040\000M\000e\000t\000h\000o\000d\000o\000l\000o\000g\000y\000\040\000I\000n\000s\000i\000g\000h\000t\000s}{section.10.3}% 200
\BOOKMARK [2][-]{subsection.10.3.2}{\376\377\000T\000e\000c\000h\000n\000i\000c\000a\000l\000\040\000A\000r\000c\000h\000i\000t\000e\000c\000t\000u\000r\000e\000\040\000L\000e\000s\000s\000o\000n\000s}{section.10.3}% 201
\BOOKMARK [1][-]{section.10.4}{\376\377\000F\000u\000t\000u\000r\000e\000\040\000D\000e\000v\000e\000l\000o\000p\000m\000e\000n\000t\000\040\000R\000o\000a\000d\000m\000a\000p}{chapter.10}% 202
\BOOKMARK [2][-]{subsection.10.4.1}{\376\377\000S\000h\000o\000r\000t\000-\000t\000e\000r\000m\000\040\000E\000n\000h\000a\000n\000c\000e\000m\000e\000n\000t\000s\000\040\000\050\0006\000\040\000m\000o\000n\000t\000h\000s\000\051}{section.10.4}% 203
\BOOKMARK [2][-]{subsection.10.4.2}{\376\377\000M\000e\000d\000i\000u\000m\000-\000t\000e\000r\000m\000\040\000V\000i\000s\000i\000o\000n\000\040\000\050\0001\0002\000-\0001\0008\000\040\000m\000o\000n\000t\000h\000s\000\051}{section.10.4}% 204
\BOOKMARK [2][-]{subsection.10.4.3}{\376\377\000L\000o\000n\000g\000-\000t\000e\000r\000m\000\040\000O\000b\000j\000e\000c\000t\000i\000v\000e\000s\000\040\000\050\0002\000-\0003\000\040\000y\000e\000a\000r\000s\000\051}{section.10.4}% 205
\BOOKMARK [1][-]{section.10.5}{\376\377\000R\000i\000s\000k\000\040\000A\000s\000s\000e\000s\000s\000m\000e\000n\000t\000\040\000a\000n\000d\000\040\000M\000i\000t\000i\000g\000a\000t\000i\000o\000n}{chapter.10}% 206
\BOOKMARK [2][-]{subsection.10.5.1}{\376\377\000T\000e\000c\000h\000n\000i\000c\000a\000l\000\040\000R\000i\000s\000k\000s}{section.10.5}% 207
\BOOKMARK [2][-]{subsection.10.5.2}{\376\377\000B\000u\000s\000i\000n\000e\000s\000s\000\040\000R\000i\000s\000k\000s}{section.10.5}% 208
\BOOKMARK [1][-]{section.10.6}{\376\377\000S\000u\000s\000t\000a\000i\000n\000a\000b\000i\000l\000i\000t\000y\000\040\000a\000n\000d\000\040\000E\000n\000v\000i\000r\000o\000n\000m\000e\000n\000t\000a\000l\000\040\000I\000m\000p\000a\000c\000t}{chapter.10}% 209
\BOOKMARK [2][-]{subsection.10.6.1}{\376\377\000G\000r\000e\000e\000n\000\040\000C\000o\000m\000p\000u\000t\000i\000n\000g\000\040\000I\000n\000i\000t\000i\000a\000t\000i\000v\000e\000s}{section.10.6}% 210
\BOOKMARK [2][-]{subsection.10.6.2}{\376\377\000C\000i\000r\000c\000u\000l\000a\000r\000\040\000E\000c\000o\000n\000o\000m\000y\000\040\000P\000r\000i\000n\000c\000i\000p\000l\000e\000s}{section.10.6}% 211
\BOOKMARK [1][-]{section.10.7}{\376\377\000I\000n\000d\000u\000s\000t\000r\000y\000\040\000I\000m\000p\000a\000c\000t\000\040\000a\000n\000d\000\040\000T\000h\000o\000u\000g\000h\000t\000\040\000L\000e\000a\000d\000e\000r\000s\000h\000i\000p}{chapter.10}% 212
\BOOKMARK [2][-]{subsection.10.7.1}{\376\377\000R\000e\000s\000e\000a\000r\000c\000h\000\040\000C\000o\000n\000t\000r\000i\000b\000u\000t\000i\000o\000n\000s}{section.10.7}% 213
\BOOKMARK [2][-]{subsection.10.7.2}{\376\377\000C\000o\000m\000m\000u\000n\000i\000t\000y\000\040\000B\000u\000i\000l\000d\000i\000n\000g}{section.10.7}% 214
\BOOKMARK [1][-]{section.10.8}{\376\377\000F\000i\000n\000a\000l\000\040\000R\000e\000c\000o\000m\000m\000e\000n\000d\000a\000t\000i\000o\000n\000s}{chapter.10}% 215
\BOOKMARK [2][-]{subsection.10.8.1}{\376\377\000F\000o\000r\000\040\000O\000r\000g\000a\000n\000i\000z\000a\000t\000i\000o\000n\000s\000\040\000C\000o\000n\000s\000i\000d\000e\000r\000i\000n\000g\000\040\000A\000I\000\040\000I\000n\000f\000r\000a\000s\000t\000r\000u\000c\000t\000u\000r\000e\000\040\000M\000a\000n\000a\000g\000e\000m\000e\000n\000t}{section.10.8}% 216
\BOOKMARK [2][-]{subsection.10.8.2}{\376\377\000F\000o\000r\000\040\000t\000h\000e\000\040\000T\000e\000c\000h\000n\000o\000l\000o\000g\000y\000\040\000I\000n\000d\000u\000s\000t\000r\000y}{section.10.8}% 217
\BOOKMARK [1][-]{section.10.9}{\376\377\000C\000o\000n\000c\000l\000u\000s\000i\000o\000n}{chapter.10}% 218
