\BOOKMARK [0][-]{chapter.1}{\376\377\000S\000p\000r\000i\000n\000t\000\040\0001\000:\000\040\000F\000o\000u\000n\000d\000a\000t\000i\000o\000n\000\040\000a\000n\000d\000\040\000I\000n\000f\000r\000a\000s\000t\000r\000u\000c\000t\000u\000r\000e\000\040\000S\000e\000t\000u\000p}{}% 1
\BOOKMARK [1][-]{section.1.1}{\376\377\000S\000p\000r\000i\000n\000t\000\040\000O\000v\000e\000r\000v\000i\000e\000w\000\040\000a\000n\000d\000\040\000O\000b\000j\000e\000c\000t\000i\000v\000e\000s}{chapter.1}% 2
\BOOKMARK [2][-]{subsection.1.1.1}{\376\377\000S\000p\000r\000i\000n\000t\000\040\000G\000o\000a\000l\000s}{section.1.1}% 3
\BOOKMARK [2][-]{subsection.1.1.2}{\376\377\000S\000u\000c\000c\000e\000s\000s\000\040\000C\000r\000i\000t\000e\000r\000i\000a}{section.1.1}% 4
\BOOKMARK [1][-]{section.1.2}{\376\377\000U\000s\000e\000r\000\040\000S\000t\000o\000r\000i\000e\000s\000\040\000a\000n\000d\000\040\000R\000e\000q\000u\000i\000r\000e\000m\000e\000n\000t\000s}{chapter.1}% 5
\BOOKMARK [2][-]{subsection.1.2.1}{\376\377\000E\000p\000i\000c\000:\000\040\000D\000e\000v\000e\000l\000o\000p\000m\000e\000n\000t\000\040\000I\000n\000f\000r\000a\000s\000t\000r\000u\000c\000t\000u\000r\000e}{section.1.2}% 6
\BOOKMARK [2][-]{subsection.1.2.2}{\376\377\000E\000p\000i\000c\000:\000\040\000C\000I\000/\000C\000D\000\040\000P\000i\000p\000e\000l\000i\000n\000e}{section.1.2}% 7
\BOOKMARK [1][-]{section.1.3}{\376\377\000T\000e\000c\000h\000n\000i\000c\000a\000l\000\040\000I\000m\000p\000l\000e\000m\000e\000n\000t\000a\000t\000i\000o\000n}{chapter.1}% 8
\BOOKMARK [2][-]{subsection.1.3.1}{\376\377\000D\000e\000v\000e\000l\000o\000p\000m\000e\000n\000t\000\040\000E\000n\000v\000i\000r\000o\000n\000m\000e\000n\000t\000\040\000A\000r\000c\000h\000i\000t\000e\000c\000t\000u\000r\000e}{section.1.3}% 9
\BOOKMARK [2][-]{subsection.1.3.2}{\376\377\000P\000r\000o\000j\000e\000c\000t\000\040\000S\000t\000r\000u\000c\000t\000u\000r\000e\000\040\000a\000n\000d\000\040\000O\000r\000g\000a\000n\000i\000z\000a\000t\000i\000o\000n}{section.1.3}% 10
\BOOKMARK [2][-]{subsection.1.3.3}{\376\377\000C\000o\000n\000t\000a\000i\000n\000e\000r\000i\000z\000a\000t\000i\000o\000n\000\040\000S\000t\000r\000a\000t\000e\000g\000y}{section.1.3}% 11
\BOOKMARK [1][-]{section.1.4}{\376\377\000C\000I\000/\000C\000D\000\040\000P\000i\000p\000e\000l\000i\000n\000e\000\040\000I\000m\000p\000l\000e\000m\000e\000n\000t\000a\000t\000i\000o\000n}{chapter.1}% 12
\BOOKMARK [2][-]{subsection.1.4.1}{\376\377\000P\000i\000p\000e\000l\000i\000n\000e\000\040\000A\000r\000c\000h\000i\000t\000e\000c\000t\000u\000r\000e}{section.1.4}% 13
\BOOKMARK [2][-]{subsection.1.4.2}{\376\377\000Q\000u\000a\000l\000i\000t\000y\000\040\000G\000a\000t\000e\000s\000\040\000a\000n\000d\000\040\000A\000u\000t\000o\000m\000a\000t\000i\000o\000n}{section.1.4}% 14
\BOOKMARK [1][-]{section.1.5}{\376\377\000M\000o\000n\000i\000t\000o\000r\000i\000n\000g\000\040\000a\000n\000d\000\040\000O\000b\000s\000e\000r\000v\000a\000b\000i\000l\000i\000t\000y\000\040\000S\000e\000t\000u\000p}{chapter.1}% 15
\BOOKMARK [2][-]{subsection.1.5.1}{\376\377\000M\000o\000n\000i\000t\000o\000r\000i\000n\000g\000\040\000S\000t\000a\000c\000k\000\040\000A\000r\000c\000h\000i\000t\000e\000c\000t\000u\000r\000e}{section.1.5}% 16
\BOOKMARK [2][-]{subsection.1.5.2}{\376\377\000K\000e\000y\000\040\000P\000e\000r\000f\000o\000r\000m\000a\000n\000c\000e\000\040\000I\000n\000d\000i\000c\000a\000t\000o\000r\000s\000\040\000\050\000K\000P\000I\000s\000\051}{section.1.5}% 17
\BOOKMARK [1][-]{section.1.6}{\376\377\000S\000e\000c\000u\000r\000i\000t\000y\000\040\000I\000m\000p\000l\000e\000m\000e\000n\000t\000a\000t\000i\000o\000n}{chapter.1}% 18
\BOOKMARK [2][-]{subsection.1.6.1}{\376\377\000F\000o\000u\000n\000d\000a\000t\000i\000o\000n\000\040\000S\000e\000c\000u\000r\000i\000t\000y\000\040\000M\000e\000a\000s\000u\000r\000e\000s}{section.1.6}% 19
\BOOKMARK [1][-]{section.1.7}{\376\377\000T\000e\000s\000t\000i\000n\000g\000\040\000a\000n\000d\000\040\000V\000a\000l\000i\000d\000a\000t\000i\000o\000n}{chapter.1}% 20
\BOOKMARK [2][-]{subsection.1.7.1}{\376\377\000S\000p\000r\000i\000n\000t\000\040\0001\000\040\000T\000e\000s\000t\000i\000n\000g\000\040\000R\000e\000s\000u\000l\000t\000s}{section.1.7}% 21
\BOOKMARK [2][-]{subsection.1.7.2}{\376\377\000P\000e\000r\000f\000o\000r\000m\000a\000n\000c\000e\000\040\000V\000a\000l\000i\000d\000a\000t\000i\000o\000n}{section.1.7}% 22
\BOOKMARK [1][-]{section.1.8}{\376\377\000L\000e\000s\000s\000o\000n\000s\000\040\000L\000e\000a\000r\000n\000e\000d\000\040\000a\000n\000d\000\040\000C\000o\000n\000t\000i\000n\000u\000o\000u\000s\000\040\000I\000m\000p\000r\000o\000v\000e\000m\000e\000n\000t}{chapter.1}% 23
\BOOKMARK [2][-]{subsection.1.8.1}{\376\377\000S\000p\000r\000i\000n\000t\000\040\0001\000\040\000R\000e\000t\000r\000o\000s\000p\000e\000c\000t\000i\000v\000e}{section.1.8}% 24
\BOOKMARK [1][-]{section.1.9}{\376\377\000S\000p\000r\000i\000n\000t\000\040\0001\000\040\000C\000o\000n\000c\000l\000u\000s\000i\000o\000n}{chapter.1}% 25
